<?xml version="1.0" encoding="UTF-8"?>
<!-- Generated by org.testng.reporters.JUnitXMLReporter -->
<testsuite ignored="0" hostname="DESKTOP-6UE8ILS" failures="1" tests="2" name="Test" time="0.142" errors="0" timestamp="2019-11-30T12:45:56 IST">
  <testcase classname="FirstTestNgTutorial.SubtractionTestNg" name="test" time="0.024"/>
  <testcase classname="FirstTestNgTutorial.SubtractionTestNg" name="test1" time="0.002">
    <failure type="java.lang.AssertionError" message="expected [-3] but found [10]">
      <![CDATA[java.lang.AssertionError: expected [-3] but found [10]
at FirstTestNgTutorial.SubtractionTestNg.test1(SubtractionTestNg.java:24)
at java.base/java.util.ArrayList.forEach(ArrayList.java:1507)
... Removed 32 stack frames]]>
    </failure>
  </testcase> <!-- test1 -->
</testsuite> <!-- Test -->
